<?xml version="1.0" encoding="UTF-8"?>
<testng-results skipped="0" failed="0" ignored="0" total="2" passed="2">
  <reporter-output>
  </reporter-output>
  <suite name="Suite" duration-ms="30173" started-at="2022-10-02T22:05:43 IST" finished-at="2022-10-02T22:06:13 IST">
    <groups>
    </groups>
    <test name="Test" duration-ms="30173" started-at="2022-10-02T22:05:43 IST" finished-at="2022-10-02T22:06:13 IST">
      <class name="ebanq.test.EBanqTest">
        <test-method status="PASS" signature="initLogin()[pri:0, instance:ebanq.test.EBanqTest@6f195bc3]" name="initLogin" is-config="true" duration-ms="11429" started-at="2022-10-02T22:05:43 IST" finished-at="2022-10-02T22:05:55 IST">
          <reporter-output>
          </reporter-output>
        </test-method> <!-- initLogin -->
        <test-method status="PASS" signature="verifyWelcomeMsg()[pri:2, instance:ebanq.test.EBanqTest@6f195bc3]" name="verifyWelcomeMsg" duration-ms="63" started-at="2022-10-02T22:05:55 IST" description="verifies the login with welcome message" finished-at="2022-10-02T22:05:55 IST">
          <reporter-output>
          </reporter-output>
        </test-method> <!-- verifyWelcomeMsg -->
        <test-method status="PASS" signature="tearDown()[pri:0, instance:ebanq.test.EBanqTest@6f195bc3]" name="tearDown" is-config="true" duration-ms="746" started-at="2022-10-02T22:05:55 IST" finished-at="2022-10-02T22:05:56 IST">
          <reporter-output>
          </reporter-output>
        </test-method> <!-- tearDown -->
        <test-method status="PASS" signature="initLogin()[pri:0, instance:ebanq.test.EBanqTest@6f195bc3]" name="initLogin" is-config="true" duration-ms="8676" started-at="2022-10-02T22:05:56 IST" finished-at="2022-10-02T22:06:04 IST">
          <reporter-output>
          </reporter-output>
        </test-method> <!-- initLogin -->
        <test-method status="PASS" signature="verifySuccessMsg()[pri:3, instance:ebanq.test.EBanqTest@6f195bc3]" name="verifySuccessMsg" duration-ms="8486" started-at="2022-10-02T22:06:04 IST" description="verifies the amount transfer successfully with success message" finished-at="2022-10-02T22:06:13 IST">
          <reporter-output>
          </reporter-output>
        </test-method> <!-- verifySuccessMsg -->
        <test-method status="PASS" signature="tearDown()[pri:0, instance:ebanq.test.EBanqTest@6f195bc3]" name="tearDown" is-config="true" duration-ms="717" started-at="2022-10-02T22:06:13 IST" finished-at="2022-10-02T22:06:13 IST">
          <reporter-output>
          </reporter-output>
        </test-method> <!-- tearDown -->
      </class> <!-- ebanq.test.EBanqTest -->
    </test> <!-- Test -->
  </suite> <!-- Suite -->
</testng-results>
